

*******************************************************************************
* Report  : Timing                                                            *
* Command : analyze_timing > ../reports/timing_report_clk_with_driving.rpt    *
* Design  : CNN_Top                                                           *
* Version : main_1229_2e0365ed.rel                                            *
* Date    : 9:37 PM, 12-Apr-26                                                *
*******************************************************************************
*******************************************************************************
* MAX Timing Analysis                                                         *
* Analysis type : bc_wc                                                       *
* Environment Library : slow                                                  *
* Operating Conditions: slow                                                  *
* Wire Load Library : slow                                                    *
* Wire Load Model Mode:          segmented                                    *
* Wire Load Model From:          default                                      *
* Wire Load Model On Top Design:                                              *
*******************************************************************************
*******************************************************************************
* Legend :                                                                    *
* re: rising-edge                                                             *
* fe: falling-edge                                                            *
* pl: positive-level                                                          *
* nl: negative-level                                                          *
* ': inverted clock                                                           *
* *: delay is annotated from SDF                                              *
* &: delay is from BBox/RC-tree                                               *
* #: delay is set by command                                                  *
*******************************************************************************


*******************************************************************************
* Report  : Critical paths for each clock group                               *
* Design  : CNN_Top                                                           *
*******************************************************************************


Beginpoint: en (input port clocked by clk)
Endpoint: u_postprocess/u_postprocess_linear/u_linear_group1/data_out_reg[19] (re-triggered flip-flop clocked by clk)
Path Group: clk
Delay Type: max

Point (Gate Type)                                    Inc.         Path  
------------------------------------------------------------------------
clock clk (re)                                       0.00         0.00
clock tree delay (ideal)                             0.30         0.30
input external delay                                 4.00         4.30 R
en (input port)                                      0.00         4.30 R
u_postprocess/en (PostProcess)                       0.00         4.30 R
u_postprocess/u3283/Y (INVX1)                        0.39         4.69 F
u_postprocess/u3284/Y (INVX1)                        1.64         6.33 R
u_postprocess/u573/Y (AND2X4)                        0.50         6.84 R
u_postprocess/u3213/Y (INVX1)                        0.60         7.44 F
u_postprocess/u571/Y (NOR2X1)                        1.30         8.73 R
u_postprocess/u1021/Y (NAND2XL)                      0.32         9.05 F
u_postprocess/u1095/Y (OAI21XL)                      0.17         9.22 R
u_postprocess/u1096/Y (AOI31XL)                      0.08         9.30 F
u_postprocess/u1098/Y (NOR2BXL)                      0.23         9.53 F
u_postprocess/u_postprocess_linear/u_linear_group1/data_out_reg[19]/D (DFFRHQXL)
                                                     0.00         9.53 F
data arrival time                                                 9.53

clock clk (re)                                      10.00        10.00
clock tree delay (ideal)                             0.30        10.30
u_postprocess/u_postprocess_linear/u_linear_group1/data_out_reg[19]/CK (DFFRHQXL)
                                                     0.00        10.30 R
clock uncertainty                                   -0.50         9.80
library setup time                                  -0.23         9.57
data required time                                                9.57
------------------------------------------------------------------------
data required time                                                9.57
data arrival time                                                -9.53
------------------------------------------------------------------------
slack (MET)                                                       0.04

