

*******************************************************************************
* Report  : Maximal/setup time constraint                                     *
* Command : analyze_constraint -all_violators >                               *
*         : ../reports/violators_clk_with_driving.rpt                         *
* Design  : CNN_chip                                                          *
* Version : main_1229_2e0365ed.rel                                            *
* Date    : 10:14 AM, 30-Apr-26                                               *
*******************************************************************************


*******************************************************************************
* Report  : Minimal/hold time constraint                                      *
* Command : analyze_constraint -all_violators >                               *
*         : ../reports/violators_clk_with_driving.rpt                         *
* Design  : CNN_chip                                                          *
* Version : main_1229_2e0365ed.rel                                            *
* Date    : 10:14 AM, 30-Apr-26                                               *
*******************************************************************************


Clock group: clk

Endpoint                                           Delay   Constraint      Slack
--------------------------------------------------------------------------------
inst_CNN_Top/u_cnn/u_postprocess/u_postprocess_sigmoid/sram_inst0/A[0]       0.98 R       1.26      -0.28(V)
inst_CNN_Top/u_cnn/u_postprocess/u_postprocess_sigmoid/sram_inst0/A[1]       0.98 R       1.26      -0.28(V)
inst_CNN_Top/u_cnn/u_postprocess/u_postprocess_sigmoid/sram_inst0/A[2]       0.98 R       1.26      -0.28(V)
inst_CNN_Top/u_cnn/u_postprocess/u_postprocess_sigmoid/sram_inst0/A[3]       0.98 R       1.26      -0.28(V)
inst_CNN_Top/u_cnn/u_postprocess/u_postprocess_sigmoid/sram_inst0/A[4]       0.98 R       1.26      -0.28(V)
inst_CNN_Top/u_cnn/u_postprocess/u_postprocess_sigmoid/sram_inst0/A[5]       0.98 R       1.26      -0.28(V)
inst_CNN_Top/u_cnn/u_postprocess/u_postprocess_sigmoid/sram_inst0/A[6]       0.98 R       1.26      -0.28(V)
inst_CNN_Top/u_cnn/u_postprocess/u_postprocess_sigmoid/sram_inst1/A[0]       0.98 R       1.26      -0.28(V)
inst_CNN_Top/u_cnn/u_postprocess/u_postprocess_sigmoid/sram_inst1/A[1]       0.98 R       1.26      -0.28(V)
inst_CNN_Top/u_cnn/u_postprocess/u_postprocess_sigmoid/sram_inst1/A[2]       0.98 R       1.26      -0.28(V)
inst_CNN_Top/u_cnn/u_postprocess/u_postprocess_sigmoid/sram_inst1/A[3]       0.98 R       1.26      -0.28(V)
inst_CNN_Top/u_cnn/u_postprocess/u_postprocess_sigmoid/sram_inst1/A[4]       0.98 R       1.26      -0.28(V)
inst_CNN_Top/u_cnn/u_postprocess/u_postprocess_sigmoid/sram_inst1/A[5]       0.98 R       1.26      -0.28(V)
inst_CNN_Top/u_cnn/u_postprocess/u_postprocess_sigmoid/sram_inst1/A[6]       0.98 R       1.26      -0.28(V)
inst_CNN_Top/u_cnn/u_postprocess/u_postprocess_sigmoid/sram_inst0/A[7]       1.02 R       1.26      -0.24(V)
inst_CNN_Top/u_cnn/u_postprocess/u_postprocess_sigmoid/sram_inst1/A[7]       0.93 F       1.15      -0.23(V)
inst_CNN_Top/u_cnn/u_postprocess/u_linear_weightROM/sram_lo/A[7]       0.96 F       1.12      -0.16(V)
inst_CNN_Top/u_cnn/u_pwconv/mult_add_inst/row_gen[0].col_gen[0].cell_inst/s2_bias_reg[0]/D       0.69 F       0.84      -0.15(V)
inst_CNN_Top/u_cnn/u_pwconv/mult_add_inst/row_gen[0].col_gen[1].cell_inst/s2_bias_reg[0]/D       0.69 F       0.84      -0.15(V)
inst_CNN_Top/u_cnn/u_pwconv/mult_add_inst/row_gen[1].col_gen[0].cell_inst/s2_bias_reg[0]/D       0.69 F       0.84      -0.15(V)
inst_CNN_Top/u_cnn/u_pwconv/mult_add_inst/row_gen[1].col_gen[1].cell_inst/s2_bias_reg[0]/D       0.69 F       0.84      -0.15(V)
inst_CNN_Top/u_cnn/u_pwconv/mult_add_inst/row_gen[0].col_gen[0].cell_inst/s2_bias_reg[11]/D       0.69 F       0.84      -0.15(V)
inst_CNN_Top/u_cnn/u_pwconv/mult_add_inst/row_gen[0].col_gen[1].cell_inst/s2_bias_reg[11]/D       0.69 F       0.84      -0.15(V)
inst_CNN_Top/u_cnn/u_pwconv/mult_add_inst/row_gen[1].col_gen[0].cell_inst/s2_bias_reg[11]/D       0.69 F       0.84      -0.15(V)
inst_CNN_Top/u_cnn/u_pwconv/mult_add_inst/row_gen[1].col_gen[1].cell_inst/s2_bias_reg[11]/D       0.69 F       0.84      -0.15(V)
inst_CNN_Top/u_cnn/u_pwconv/mult_add_inst/row_gen[0].col_gen[0].cell_inst/s2_bias_reg[12]/D       0.69 F       0.84      -0.15(V)
inst_CNN_Top/u_cnn/u_pwconv/mult_add_inst/row_gen[0].col_gen[1].cell_inst/s2_bias_reg[12]/D       0.69 F       0.84      -0.15(V)
inst_CNN_Top/u_cnn/u_pwconv/mult_add_inst/row_gen[1].col_gen[0].cell_inst/s2_bias_reg[12]/D       0.69 F       0.84      -0.15(V)
inst_CNN_Top/u_cnn/u_pwconv/mult_add_inst/row_gen[1].col_gen[1].cell_inst/s2_bias_reg[12]/D       0.69 F       0.84      -0.15(V)
inst_CNN_Top/u_cnn/u_pwconv/mult_add_inst/row_gen[0].col_gen[0].cell_inst/s2_bias_reg[2]/D       0.69 F       0.84      -0.15(V)
inst_CNN_Top/u_cnn/u_pwconv/mult_add_inst/row_gen[0].col_gen[1].cell_inst/s2_bias_reg[2]/D       0.69 F       0.84      -0.15(V)
inst_CNN_Top/u_cnn/u_pwconv/mult_add_inst/row_gen[1].col_gen[0].cell_inst/s2_bias_reg[2]/D       0.69 F       0.84      -0.15(V)
inst_CNN_Top/u_cnn/u_pwconv/mult_add_inst/row_gen[1].col_gen[1].cell_inst/s2_bias_reg[2]/D       0.69 F       0.84      -0.15(V)
inst_CNN_Top/u_cnn/u_pwconv/mult_add_inst/row_gen[0].col_gen[0].cell_inst/s2_bias_reg[4]/D       0.69 F       0.84      -0.15(V)
inst_CNN_Top/u_cnn/u_pwconv/mult_add_inst/row_gen[0].col_gen[1].cell_inst/s2_bias_reg[4]/D       0.69 F       0.84      -0.15(V)
inst_CNN_Top/u_cnn/u_pwconv/mult_add_inst/row_gen[1].col_gen[0].cell_inst/s2_bias_reg[4]/D       0.69 F       0.84      -0.15(V)
inst_CNN_Top/u_cnn/u_pwconv/mult_add_inst/row_gen[1].col_gen[1].cell_inst/s2_bias_reg[4]/D       0.69 F       0.84      -0.15(V)
inst_CNN_Top/u_cnn/u_pwconv/mult_add_inst/row_gen[0].col_gen[0].cell_inst/s2_bias_reg[6]/D       0.69 F       0.84      -0.15(V)
inst_CNN_Top/u_cnn/u_pwconv/mult_add_inst/row_gen[0].col_gen[1].cell_inst/s2_bias_reg[6]/D       0.69 F       0.84      -0.15(V)
inst_CNN_Top/u_cnn/u_pwconv/mult_add_inst/row_gen[1].col_gen[0].cell_inst/s2_bias_reg[6]/D       0.69 F       0.84      -0.15(V)
inst_CNN_Top/u_cnn/u_pwconv/mult_add_inst/row_gen[1].col_gen[1].cell_inst/s2_bias_reg[6]/D       0.69 F       0.84      -0.15(V)
inst_CNN_Top/u_cnn/u_pwconv/mult_add_inst/row_gen[0].col_gen[0].cell_inst/s2_bias_reg[10]/D       0.69 F       0.83      -0.14(V)
inst_CNN_Top/u_cnn/u_pwconv/mult_add_inst/row_gen[0].col_gen[1].cell_inst/s2_bias_reg[10]/D       0.69 F       0.83      -0.14(V)
inst_CNN_Top/u_cnn/u_pwconv/mult_add_inst/row_gen[1].col_gen[0].cell_inst/s2_bias_reg[10]/D       0.69 F       0.83      -0.14(V)
inst_CNN_Top/u_cnn/u_pwconv/mult_add_inst/row_gen[1].col_gen[1].cell_inst/s2_bias_reg[10]/D       0.69 F       0.83      -0.14(V)
inst_CNN_Top/u_cnn/u_pwconv/mult_add_inst/row_gen[0].col_gen[0].cell_inst/s2_bias_reg[13]/D       0.69 F       0.83      -0.14(V)
inst_CNN_Top/u_cnn/u_pwconv/mult_add_inst/row_gen[0].col_gen[1].cell_inst/s2_bias_reg[13]/D       0.69 F       0.83      -0.14(V)
inst_CNN_Top/u_cnn/u_pwconv/mult_add_inst/row_gen[1].col_gen[0].cell_inst/s2_bias_reg[13]/D       0.69 F       0.83      -0.14(V)
inst_CNN_Top/u_cnn/u_pwconv/mult_add_inst/row_gen[1].col_gen[1].cell_inst/s2_bias_reg[13]/D       0.69 F       0.83      -0.14(V)
inst_CNN_Top/u_cnn/u_pwconv/mult_add_inst/row_gen[0].col_gen[0].cell_inst/s2_bias_reg[14]/D       0.69 F       0.83      -0.14(V)
inst_CNN_Top/u_cnn/u_pwconv/mult_add_inst/row_gen[0].col_gen[1].cell_inst/s2_bias_reg[14]/D       0.69 F       0.83      -0.14(V)
inst_CNN_Top/u_cnn/u_pwconv/mult_add_inst/row_gen[1].col_gen[0].cell_inst/s2_bias_reg[14]/D       0.69 F       0.83      -0.14(V)
inst_CNN_Top/u_cnn/u_pwconv/mult_add_inst/row_gen[1].col_gen[1].cell_inst/s2_bias_reg[14]/D       0.69 F       0.83      -0.14(V)
inst_CNN_Top/u_cnn/u_pwconv/mult_add_inst/row_gen[0].col_gen[0].cell_inst/s2_bias_reg[15]/D       0.69 F       0.83      -0.14(V)
inst_CNN_Top/u_cnn/u_pwconv/mult_add_inst/row_gen[0].col_gen[1].cell_inst/s2_bias_reg[15]/D       0.69 F       0.83      -0.14(V)
inst_CNN_Top/u_cnn/u_pwconv/mult_add_inst/row_gen[1].col_gen[0].cell_inst/s2_bias_reg[15]/D       0.69 F       0.83      -0.14(V)
inst_CNN_Top/u_cnn/u_pwconv/mult_add_inst/row_gen[1].col_gen[1].cell_inst/s2_bias_reg[15]/D       0.69 F       0.83      -0.14(V)
inst_CNN_Top/u_cnn/u_pwconv/mult_add_inst/row_gen[0].col_gen[0].cell_inst/s2_bias_reg[1]/D       0.69 F       0.83      -0.14(V)
inst_CNN_Top/u_cnn/u_pwconv/mult_add_inst/row_gen[0].col_gen[1].cell_inst/s2_bias_reg[1]/D       0.69 F       0.83      -0.14(V)
inst_CNN_Top/u_cnn/u_pwconv/mult_add_inst/row_gen[1].col_gen[0].cell_inst/s2_bias_reg[1]/D       0.69 F       0.83      -0.14(V)
inst_CNN_Top/u_cnn/u_pwconv/mult_add_inst/row_gen[1].col_gen[1].cell_inst/s2_bias_reg[1]/D       0.69 F       0.83      -0.14(V)
inst_CNN_Top/u_cnn/u_pwconv/mult_add_inst/row_gen[0].col_gen[0].cell_inst/s2_bias_reg[3]/D       0.69 F       0.83      -0.14(V)
inst_CNN_Top/u_cnn/u_pwconv/mult_add_inst/row_gen[0].col_gen[1].cell_inst/s2_bias_reg[3]/D       0.69 F       0.83      -0.14(V)
inst_CNN_Top/u_cnn/u_pwconv/mult_add_inst/row_gen[1].col_gen[0].cell_inst/s2_bias_reg[3]/D       0.69 F       0.83      -0.14(V)
inst_CNN_Top/u_cnn/u_pwconv/mult_add_inst/row_gen[1].col_gen[1].cell_inst/s2_bias_reg[3]/D       0.69 F       0.83      -0.14(V)
inst_CNN_Top/u_cnn/u_pwconv/mult_add_inst/row_gen[0].col_gen[0].cell_inst/s2_bias_reg[5]/D       0.69 F       0.83      -0.14(V)
inst_CNN_Top/u_cnn/u_pwconv/mult_add_inst/row_gen[0].col_gen[1].cell_inst/s2_bias_reg[5]/D       0.69 F       0.83      -0.14(V)
inst_CNN_Top/u_cnn/u_pwconv/mult_add_inst/row_gen[1].col_gen[0].cell_inst/s2_bias_reg[5]/D       0.69 F       0.83      -0.14(V)
inst_CNN_Top/u_cnn/u_pwconv/mult_add_inst/row_gen[1].col_gen[1].cell_inst/s2_bias_reg[5]/D       0.69 F       0.83      -0.14(V)
inst_CNN_Top/u_cnn/u_pwconv/mult_add_inst/row_gen[0].col_gen[0].cell_inst/s2_bias_reg[7]/D       0.69 F       0.83      -0.14(V)
inst_CNN_Top/u_cnn/u_pwconv/mult_add_inst/row_gen[0].col_gen[1].cell_inst/s2_bias_reg[7]/D       0.69 F       0.83      -0.14(V)
inst_CNN_Top/u_cnn/u_pwconv/mult_add_inst/row_gen[1].col_gen[0].cell_inst/s2_bias_reg[7]/D       0.69 F       0.83      -0.14(V)
inst_CNN_Top/u_cnn/u_pwconv/mult_add_inst/row_gen[1].col_gen[1].cell_inst/s2_bias_reg[7]/D       0.69 F       0.83      -0.14(V)
inst_CNN_Top/u_cnn/u_pwconv/mult_add_inst/row_gen[0].col_gen[0].cell_inst/s2_bias_reg[8]/D       0.69 F       0.83      -0.14(V)
inst_CNN_Top/u_cnn/u_pwconv/mult_add_inst/row_gen[0].col_gen[1].cell_inst/s2_bias_reg[8]/D       0.69 F       0.83      -0.14(V)
inst_CNN_Top/u_cnn/u_pwconv/mult_add_inst/row_gen[1].col_gen[0].cell_inst/s2_bias_reg[8]/D       0.69 F       0.83      -0.14(V)
inst_CNN_Top/u_cnn/u_pwconv/mult_add_inst/row_gen[1].col_gen[1].cell_inst/s2_bias_reg[8]/D       0.69 F       0.83      -0.14(V)
inst_CNN_Top/u_cnn/u_pwconv/mult_add_inst/row_gen[0].col_gen[0].cell_inst/s2_bias_reg[9]/D       0.69 F       0.83      -0.14(V)
inst_CNN_Top/u_cnn/u_pwconv/mult_add_inst/row_gen[0].col_gen[1].cell_inst/s2_bias_reg[9]/D       0.69 F       0.83      -0.14(V)
inst_CNN_Top/u_cnn/u_pwconv/mult_add_inst/row_gen[1].col_gen[0].cell_inst/s2_bias_reg[9]/D       0.69 F       0.83      -0.14(V)
inst_CNN_Top/u_cnn/u_pwconv/mult_add_inst/row_gen[1].col_gen[1].cell_inst/s2_bias_reg[9]/D       0.69 F       0.83      -0.14(V)
inst_CNN_Top/u_cnn/u_postprocess/u_linear_weightROM/sram_lo/A[5]       0.99 F       1.11      -0.11(V)
inst_CNN_Top/u_cnn/u_postprocess/u_linear_weightROM/sram_lo/A[6]       1.00 F       1.11      -0.11(V)
inst_CNN_Top/u_cnn/u_conv/valid_pipe_reg[1]/D       0.75 F       0.85      -0.10(V)
inst_CNN_Top/u_cnn/u_dwconv/valid_pipe_reg[1]/D       0.75 F       0.85      -0.10(V)
inst_CNN_Top/u_cnn/u_pwconv/valid_pipe_reg[1]/D       0.75 F       0.85      -0.10(V)
inst_CNN_Top/u_cnn/u_conv/valid_pipe_reg[2]/D       0.75 F       0.85      -0.10(V)
inst_CNN_Top/u_cnn/u_dwconv/valid_pipe_reg[2]/D       0.75 F       0.85      -0.10(V)
inst_CNN_Top/u_cnn/u_pwconv/valid_pipe_reg[2]/D       0.75 F       0.85      -0.10(V)
inst_CNN_Top/u_cnn/u_conv/valid_pipe_reg[3]/D       0.75 F       0.85      -0.10(V)
inst_CNN_Top/u_cnn/u_dwconv/valid_pipe_reg[3]/D       0.75 F       0.85      -0.10(V)
inst_CNN_Top/u_cnn/u_pwconv/valid_pipe_reg[3]/D       0.75 F       0.85      -0.10(V)
inst_CNN_Top/u_cnn/u_pwconv/valid_pipe_reg[4]/D       0.75 F       0.85      -0.10(V)
inst_CNN_Top/u_cnn/u_dwconv/bias_rom/sram_inst/A[2]       1.02 F       1.10      -0.09(V)
inst_CNN_Top/u_cnn/u_dwconv/weight_rom/sram_inst/A[2]       1.02 F       1.10      -0.09(V)
inst_CNN_Top/u_cnn/u_dwconv/bias_rom/sram_inst/A[4]       1.02 F       1.10      -0.09(V)
inst_CNN_Top/u_cnn/u_dwconv/weight_rom/sram_inst/A[4]       1.02 F       1.10      -0.09(V)
inst_CNN_Top/u_cnn/u_dwconv/bias_rom/sram_inst/A[3]       1.02 F       1.10      -0.08(V)
inst_CNN_Top/u_cnn/u_dwconv/weight_rom/sram_inst/A[3]       1.02 F       1.10      -0.08(V)
inst_CNN_Top/u_cnn/u_postprocess/u_linear_weightROM/sram_hi/A[2]       1.03 F       1.10      -0.07(V)
inst_CNN_Top/u_cnn/u_postprocess/u_linear_weightROM/sram_lo/A[2]       1.03 F       1.10      -0.07(V)
inst_CNN_Top/u_cnn/u_postprocess/u_linear_weightROM/sram_hi/A[4]       1.05 F       1.10      -0.04(V)
inst_CNN_Top/u_cnn/u_postprocess/u_linear_weightROM/sram_lo/A[4]       1.05 F       1.10      -0.04(V)
inst_CNN_Top/u_cnn/u_dwconv/bias_rom/sram_inst/A[1]       1.06 F       1.10      -0.04(V)
inst_CNN_Top/u_cnn/u_dwconv/weight_rom/sram_inst/A[1]       1.06 F       1.10      -0.04(V)
inst_CNN_Top/u_cnn/u_dwconv/bias_rom/sram_inst/A[0]       1.06 F       1.10      -0.03(V)
inst_CNN_Top/u_cnn/u_dwconv/weight_rom/sram_inst/A[0]       1.06 F       1.10      -0.03(V)
inst_CNN_Top/flat_holding_reg_reg[101][1]/D         0.73 F       0.76      -0.03(V)
inst_CNN_Top/flat_holding_reg_reg[101][2]/D         0.73 F       0.76      -0.03(V)
inst_CNN_Top/flat_holding_reg_reg[101][4]/D         0.73 F       0.76      -0.03(V)
inst_CNN_Top/flat_holding_reg_reg[101][5]/D         0.73 F       0.76      -0.03(V)
inst_CNN_Top/flat_holding_reg_reg[102][0]/D         0.73 F       0.76      -0.03(V)
inst_CNN_Top/flat_holding_reg_reg[102][1]/D         0.73 F       0.76      -0.03(V)
inst_CNN_Top/flat_holding_reg_reg[102][2]/D         0.73 F       0.76      -0.03(V)
inst_CNN_Top/flat_holding_reg_reg[102][3]/D         0.73 F       0.76      -0.03(V)
inst_CNN_Top/flat_holding_reg_reg[102][5]/D         0.73 F       0.76      -0.03(V)
inst_CNN_Top/flat_holding_reg_reg[102][6]/D         0.73 F       0.76      -0.03(V)
inst_CNN_Top/flat_holding_reg_reg[103][0]/D         0.73 F       0.76      -0.03(V)
inst_CNN_Top/flat_holding_reg_reg[103][2]/D         0.73 F       0.76      -0.03(V)
inst_CNN_Top/flat_holding_reg_reg[103][4]/D         0.73 F       0.76      -0.03(V)
inst_CNN_Top/flat_holding_reg_reg[103][6]/D         0.73 F       0.76      -0.03(V)
inst_CNN_Top/flat_holding_reg_reg[103][7]/D         0.73 F       0.76      -0.03(V)
inst_CNN_Top/flat_holding_reg_reg[104][0]/D         0.73 F       0.76      -0.03(V)
inst_CNN_Top/flat_holding_reg_reg[104][1]/D         0.73 F       0.76      -0.03(V)
inst_CNN_Top/flat_holding_reg_reg[104][2]/D         0.73 F       0.76      -0.03(V)
inst_CNN_Top/flat_holding_reg_reg[104][4]/D         0.73 F       0.76      -0.03(V)
inst_CNN_Top/flat_holding_reg_reg[104][6]/D         0.73 F       0.76      -0.03(V)
inst_CNN_Top/flat_holding_reg_reg[105][0]/D         0.73 F       0.76      -0.03(V)
inst_CNN_Top/flat_holding_reg_reg[105][1]/D         0.73 F       0.76      -0.03(V)
inst_CNN_Top/flat_holding_reg_reg[105][2]/D         0.73 F       0.76      -0.03(V)
inst_CNN_Top/flat_holding_reg_reg[105][4]/D         0.73 F       0.76      -0.03(V)
inst_CNN_Top/flat_holding_reg_reg[105][6]/D         0.73 F       0.76      -0.03(V)
inst_CNN_Top/flat_holding_reg_reg[106][0]/D         0.73 F       0.76      -0.03(V)
inst_CNN_Top/flat_holding_reg_reg[106][1]/D         0.73 F       0.76      -0.03(V)
inst_CNN_Top/flat_holding_reg_reg[106][2]/D         0.73 F       0.76      -0.03(V)
inst_CNN_Top/flat_holding_reg_reg[106][4]/D         0.73 F       0.76      -0.03(V)
inst_CNN_Top/flat_holding_reg_reg[107][0]/D         0.73 F       0.76      -0.03(V)
inst_CNN_Top/flat_holding_reg_reg[107][1]/D         0.73 F       0.76      -0.03(V)
inst_CNN_Top/flat_holding_reg_reg[107][2]/D         0.73 F       0.76      -0.03(V)
inst_CNN_Top/flat_holding_reg_reg[107][3]/D         0.73 F       0.76      -0.03(V)
inst_CNN_Top/flat_holding_reg_reg[107][4]/D         0.73 F       0.76      -0.03(V)
inst_CNN_Top/flat_holding_reg_reg[107][5]/D         0.73 F       0.76      -0.03(V)
inst_CNN_Top/flat_holding_reg_reg[108][1]/D         0.73 F       0.76      -0.03(V)
inst_CNN_Top/flat_holding_reg_reg[108][2]/D         0.73 F       0.76      -0.03(V)
inst_CNN_Top/flat_holding_reg_reg[112][1]/D         0.73 F       0.76      -0.03(V)
inst_CNN_Top/flat_holding_reg_reg[112][2]/D         0.73 F       0.76      -0.03(V)
inst_CNN_Top/flat_holding_reg_reg[113][1]/D         0.73 F       0.76      -0.03(V)
inst_CNN_Top/flat_holding_reg_reg[113][3]/D         0.73 F       0.76      -0.03(V)
inst_CNN_Top/flat_holding_reg_reg[113][5]/D         0.73 F       0.76      -0.03(V)
inst_CNN_Top/flat_holding_reg_reg[114][1]/D         0.73 F       0.76      -0.03(V)
inst_CNN_Top/flat_holding_reg_reg[114][3]/D         0.73 F       0.76      -0.03(V)
inst_CNN_Top/flat_holding_reg_reg[114][5]/D         0.73 F       0.76      -0.03(V)
inst_CNN_Top/flat_holding_reg_reg[115][1]/D         0.73 F       0.76      -0.03(V)
inst_CNN_Top/flat_holding_reg_reg[115][3]/D         0.73 F       0.76      -0.03(V)
inst_CNN_Top/flat_holding_reg_reg[115][5]/D         0.73 F       0.76      -0.03(V)
inst_CNN_Top/flat_holding_reg_reg[116][1]/D         0.73 F       0.76      -0.03(V)
inst_CNN_Top/flat_holding_reg_reg[116][2]/D         0.73 F       0.76      -0.03(V)
inst_CNN_Top/flat_holding_reg_reg[116][3]/D         0.73 F       0.76      -0.03(V)
inst_CNN_Top/flat_holding_reg_reg[116][5]/D         0.73 F       0.76      -0.03(V)
inst_CNN_Top/flat_holding_reg_reg[117][2]/D         0.73 F       0.76      -0.03(V)
inst_CNN_Top/flat_holding_reg_reg[11][1]/D          0.73 F       0.76      -0.03(V)
inst_CNN_Top/flat_holding_reg_reg[11][2]/D          0.73 F       0.76      -0.03(V)
inst_CNN_Top/flat_holding_reg_reg[11][3]/D          0.73 F       0.76      -0.03(V)
inst_CNN_Top/flat_holding_reg_reg[11][4]/D          0.73 F       0.76      -0.03(V)
inst_CNN_Top/flat_holding_reg_reg[11][5]/D          0.73 F       0.76      -0.03(V)
inst_CNN_Top/flat_holding_reg_reg[12][0]/D          0.73 F       0.76      -0.03(V)
inst_CNN_Top/flat_holding_reg_reg[12][1]/D          0.73 F       0.76      -0.03(V)
inst_CNN_Top/flat_holding_reg_reg[12][2]/D          0.73 F       0.76      -0.03(V)
inst_CNN_Top/flat_holding_reg_reg[12][3]/D          0.73 F       0.76      -0.03(V)
inst_CNN_Top/flat_holding_reg_reg[12][4]/D          0.73 F       0.76      -0.03(V)
inst_CNN_Top/flat_holding_reg_reg[13][0]/D          0.73 F       0.76      -0.03(V)
inst_CNN_Top/flat_holding_reg_reg[13][1]/D          0.73 F       0.76      -0.03(V)
inst_CNN_Top/flat_holding_reg_reg[13][2]/D          0.73 F       0.76      -0.03(V)
inst_CNN_Top/flat_holding_reg_reg[13][4]/D          0.73 F       0.76      -0.03(V)
inst_CNN_Top/flat_holding_reg_reg[13][6]/D          0.73 F       0.76      -0.03(V)
inst_CNN_Top/flat_holding_reg_reg[14][0]/D          0.73 F       0.76      -0.03(V)
inst_CNN_Top/flat_holding_reg_reg[14][1]/D          0.73 F       0.76      -0.03(V)
inst_CNN_Top/flat_holding_reg_reg[14][2]/D          0.73 F       0.76      -0.03(V)
inst_CNN_Top/flat_holding_reg_reg[14][4]/D          0.73 F       0.76      -0.03(V)
inst_CNN_Top/flat_holding_reg_reg[14][5]/D          0.73 F       0.76      -0.03(V)
inst_CNN_Top/flat_holding_reg_reg[14][6]/D          0.73 F       0.76      -0.03(V)
inst_CNN_Top/flat_holding_reg_reg[15][0]/D          0.73 F       0.76      -0.03(V)
inst_CNN_Top/flat_holding_reg_reg[15][1]/D          0.73 F       0.76      -0.03(V)
inst_CNN_Top/flat_holding_reg_reg[15][2]/D          0.73 F       0.76      -0.03(V)
inst_CNN_Top/flat_holding_reg_reg[15][4]/D          0.73 F       0.76      -0.03(V)
inst_CNN_Top/flat_holding_reg_reg[15][5]/D          0.73 F       0.76      -0.03(V)
inst_CNN_Top/flat_holding_reg_reg[15][6]/D          0.73 F       0.76      -0.03(V)
inst_CNN_Top/flat_holding_reg_reg[16][0]/D          0.73 F       0.76      -0.03(V)
inst_CNN_Top/flat_holding_reg_reg[16][1]/D          0.73 F       0.76      -0.03(V)
inst_CNN_Top/flat_holding_reg_reg[16][2]/D          0.73 F       0.76      -0.03(V)
inst_CNN_Top/flat_holding_reg_reg[16][4]/D          0.73 F       0.76      -0.03(V)
inst_CNN_Top/flat_holding_reg_reg[16][5]/D          0.73 F       0.76      -0.03(V)
inst_CNN_Top/flat_holding_reg_reg[16][6]/D          0.73 F       0.76      -0.03(V)
inst_CNN_Top/flat_holding_reg_reg[17][1]/D          0.73 F       0.76      -0.03(V)
inst_CNN_Top/flat_holding_reg_reg[17][2]/D          0.73 F       0.76      -0.03(V)
inst_CNN_Top/flat_holding_reg_reg[17][3]/D          0.73 F       0.76      -0.03(V)
inst_CNN_Top/flat_holding_reg_reg[17][4]/D          0.73 F       0.76      -0.03(V)
inst_CNN_Top/flat_holding_reg_reg[18][1]/D          0.73 F       0.76      -0.03(V)
inst_CNN_Top/flat_holding_reg_reg[18][2]/D          0.73 F       0.76      -0.03(V)
inst_CNN_Top/flat_holding_reg_reg[18][5]/D          0.73 F       0.76      -0.03(V)
inst_CNN_Top/flat_holding_reg_reg[21][1]/D          0.73 F       0.76      -0.03(V)
inst_CNN_Top/flat_holding_reg_reg[21][2]/D          0.73 F       0.76      -0.03(V)
inst_CNN_Top/flat_holding_reg_reg[21][3]/D          0.73 F       0.76      -0.03(V)
inst_CNN_Top/flat_holding_reg_reg[21][4]/D          0.73 F       0.76      -0.03(V)
inst_CNN_Top/flat_holding_reg_reg[21][5]/D          0.73 F       0.76      -0.03(V)
inst_CNN_Top/flat_holding_reg_reg[22][0]/D          0.73 F       0.76      -0.03(V)
inst_CNN_Top/flat_holding_reg_reg[22][1]/D          0.73 F       0.76      -0.03(V)
inst_CNN_Top/flat_holding_reg_reg[22][2]/D          0.73 F       0.76      -0.03(V)
inst_CNN_Top/flat_holding_reg_reg[22][3]/D          0.73 F       0.76      -0.03(V)
inst_CNN_Top/flat_holding_reg_reg[22][4]/D          0.73 F       0.76      -0.03(V)
inst_CNN_Top/flat_holding_reg_reg[22][6]/D          0.73 F       0.76      -0.03(V)
inst_CNN_Top/flat_holding_reg_reg[23][0]/D          0.73 F       0.76      -0.03(V)
inst_CNN_Top/flat_holding_reg_reg[23][1]/D          0.73 F       0.76      -0.03(V)
inst_CNN_Top/flat_holding_reg_reg[23][2]/D          0.73 F       0.76      -0.03(V)
inst_CNN_Top/flat_holding_reg_reg[23][3]/D          0.73 F       0.76      -0.03(V)
inst_CNN_Top/flat_holding_reg_reg[23][4]/D          0.73 F       0.76      -0.03(V)
inst_CNN_Top/flat_holding_reg_reg[23][6]/D          0.73 F       0.76      -0.03(V)
inst_CNN_Top/flat_holding_reg_reg[24][0]/D          0.73 F       0.76      -0.03(V)
inst_CNN_Top/flat_holding_reg_reg[24][1]/D          0.73 F       0.76      -0.03(V)
inst_CNN_Top/flat_holding_reg_reg[24][2]/D          0.73 F       0.76      -0.03(V)
inst_CNN_Top/flat_holding_reg_reg[24][4]/D          0.73 F       0.76      -0.03(V)
inst_CNN_Top/flat_holding_reg_reg[24][6]/D          0.73 F       0.76      -0.03(V)
inst_CNN_Top/flat_holding_reg_reg[25][0]/D          0.73 F       0.76      -0.03(V)
inst_CNN_Top/flat_holding_reg_reg[25][1]/D          0.73 F       0.76      -0.03(V)
inst_CNN_Top/flat_holding_reg_reg[25][2]/D          0.73 F       0.76      -0.03(V)
inst_CNN_Top/flat_holding_reg_reg[25][4]/D          0.73 F       0.76      -0.03(V)
inst_CNN_Top/flat_holding_reg_reg[25][6]/D          0.73 F       0.76      -0.03(V)
inst_CNN_Top/flat_holding_reg_reg[26][0]/D          0.73 F       0.76      -0.03(V)
inst_CNN_Top/flat_holding_reg_reg[26][1]/D          0.73 F       0.76      -0.03(V)
inst_CNN_Top/flat_holding_reg_reg[26][2]/D          0.73 F       0.76      -0.03(V)
inst_CNN_Top/flat_holding_reg_reg[26][4]/D          0.73 F       0.76      -0.03(V)
inst_CNN_Top/flat_holding_reg_reg[26][5]/D          0.73 F       0.76      -0.03(V)
inst_CNN_Top/flat_holding_reg_reg[26][6]/D          0.73 F       0.76      -0.03(V)
inst_CNN_Top/flat_holding_reg_reg[26][7]/D          0.73 F       0.76      -0.03(V)
inst_CNN_Top/flat_holding_reg_reg[27][0]/D          0.73 F       0.76      -0.03(V)
inst_CNN_Top/flat_holding_reg_reg[27][1]/D          0.73 F       0.76      -0.03(V)
inst_CNN_Top/flat_holding_reg_reg[27][2]/D          0.73 F       0.76      -0.03(V)
inst_CNN_Top/flat_holding_reg_reg[27][3]/D          0.73 F       0.76      -0.03(V)
inst_CNN_Top/flat_holding_reg_reg[27][4]/D          0.73 F       0.76      -0.03(V)
inst_CNN_Top/flat_holding_reg_reg[27][5]/D          0.73 F       0.76      -0.03(V)
inst_CNN_Top/flat_holding_reg_reg[28][1]/D          0.73 F       0.76      -0.03(V)
inst_CNN_Top/flat_holding_reg_reg[28][2]/D          0.73 F       0.76      -0.03(V)
inst_CNN_Top/flat_holding_reg_reg[28][3]/D          0.73 F       0.76      -0.03(V)
inst_CNN_Top/flat_holding_reg_reg[28][4]/D          0.73 F       0.76      -0.03(V)
inst_CNN_Top/flat_holding_reg_reg[28][5]/D          0.73 F       0.76      -0.03(V)
inst_CNN_Top/flat_holding_reg_reg[2][2]/D           0.73 F       0.76      -0.03(V)
inst_CNN_Top/flat_holding_reg_reg[2][5]/D           0.73 F       0.76      -0.03(V)
inst_CNN_Top/flat_holding_reg_reg[31][1]/D          0.73 F       0.76      -0.03(V)
inst_CNN_Top/flat_holding_reg_reg[31][2]/D          0.73 F       0.76      -0.03(V)
inst_CNN_Top/flat_holding_reg_reg[31][3]/D          0.73 F       0.76      -0.03(V)
inst_CNN_Top/flat_holding_reg_reg[31][4]/D          0.73 F       0.76      -0.03(V)
inst_CNN_Top/flat_holding_reg_reg[31][5]/D          0.73 F       0.76      -0.03(V)
inst_CNN_Top/flat_holding_reg_reg[32][0]/D          0.73 F       0.76      -0.03(V)
inst_CNN_Top/flat_holding_reg_reg[32][1]/D          0.73 F       0.76      -0.03(V)
inst_CNN_Top/flat_holding_reg_reg[32][2]/D          0.73 F       0.76      -0.03(V)
inst_CNN_Top/flat_holding_reg_reg[32][3]/D          0.73 F       0.76      -0.03(V)
inst_CNN_Top/flat_holding_reg_reg[32][4]/D          0.73 F       0.76      -0.03(V)
inst_CNN_Top/flat_holding_reg_reg[32][5]/D          0.73 F       0.76      -0.03(V)
inst_CNN_Top/flat_holding_reg_reg[33][0]/D          0.73 F       0.76      -0.03(V)
inst_CNN_Top/flat_holding_reg_reg[33][1]/D          0.73 F       0.76      -0.03(V)
inst_CNN_Top/flat_holding_reg_reg[33][2]/D          0.73 F       0.76      -0.03(V)
inst_CNN_Top/flat_holding_reg_reg[33][3]/D          0.73 F       0.76      -0.03(V)
inst_CNN_Top/flat_holding_reg_reg[33][4]/D          0.73 F       0.76      -0.03(V)
inst_CNN_Top/flat_holding_reg_reg[33][6]/D          0.73 F       0.76      -0.03(V)
inst_CNN_Top/flat_holding_reg_reg[33][7]/D          0.73 F       0.76      -0.03(V)
inst_CNN_Top/flat_holding_reg_reg[34][0]/D          0.73 F       0.76      -0.03(V)
inst_CNN_Top/flat_holding_reg_reg[34][1]/D          0.73 F       0.76      -0.03(V)
inst_CNN_Top/flat_holding_reg_reg[34][2]/D          0.73 F       0.76      -0.03(V)
inst_CNN_Top/flat_holding_reg_reg[34][4]/D          0.73 F       0.76      -0.03(V)
inst_CNN_Top/flat_holding_reg_reg[34][6]/D          0.73 F       0.76      -0.03(V)
inst_CNN_Top/flat_holding_reg_reg[34][7]/D          0.73 F       0.76      -0.03(V)
inst_CNN_Top/flat_holding_reg_reg[35][0]/D          0.73 F       0.76      -0.03(V)
inst_CNN_Top/flat_holding_reg_reg[35][1]/D          0.73 F       0.76      -0.03(V)
inst_CNN_Top/flat_holding_reg_reg[35][2]/D          0.73 F       0.76      -0.03(V)
inst_CNN_Top/flat_holding_reg_reg[35][3]/D          0.73 F       0.76      -0.03(V)
inst_CNN_Top/flat_holding_reg_reg[35][4]/D          0.73 F       0.76      -0.03(V)
inst_CNN_Top/flat_holding_reg_reg[35][5]/D          0.73 F       0.76      -0.03(V)
inst_CNN_Top/flat_holding_reg_reg[35][7]/D          0.73 F       0.76      -0.03(V)
inst_CNN_Top/flat_holding_reg_reg[36][0]/D          0.73 F       0.76      -0.03(V)
inst_CNN_Top/flat_holding_reg_reg[36][1]/D          0.73 F       0.76      -0.03(V)
inst_CNN_Top/flat_holding_reg_reg[36][2]/D          0.73 F       0.76      -0.03(V)
inst_CNN_Top/flat_holding_reg_reg[36][3]/D          0.73 F       0.76      -0.03(V)
inst_CNN_Top/flat_holding_reg_reg[36][4]/D          0.73 F       0.76      -0.03(V)
inst_CNN_Top/flat_holding_reg_reg[36][5]/D          0.73 F       0.76      -0.03(V)
inst_CNN_Top/flat_holding_reg_reg[36][7]/D          0.73 F       0.76      -0.03(V)
inst_CNN_Top/flat_holding_reg_reg[37][0]/D          0.73 F       0.76      -0.03(V)
inst_CNN_Top/flat_holding_reg_reg[37][1]/D          0.73 F       0.76      -0.03(V)
inst_CNN_Top/flat_holding_reg_reg[37][2]/D          0.73 F       0.76      -0.03(V)
inst_CNN_Top/flat_holding_reg_reg[37][3]/D          0.73 F       0.76      -0.03(V)
inst_CNN_Top/flat_holding_reg_reg[37][4]/D          0.73 F       0.76      -0.03(V)
inst_CNN_Top/flat_holding_reg_reg[37][5]/D          0.73 F       0.76      -0.03(V)
inst_CNN_Top/flat_holding_reg_reg[37][6]/D          0.73 F       0.76      -0.03(V)
inst_CNN_Top/flat_holding_reg_reg[38][1]/D          0.73 F       0.76      -0.03(V)
inst_CNN_Top/flat_holding_reg_reg[38][2]/D          0.73 F       0.76      -0.03(V)
inst_CNN_Top/flat_holding_reg_reg[38][3]/D          0.73 F       0.76      -0.03(V)
inst_CNN_Top/flat_holding_reg_reg[38][4]/D          0.73 F       0.76      -0.03(V)
inst_CNN_Top/flat_holding_reg_reg[38][5]/D          0.73 F       0.76      -0.03(V)
inst_CNN_Top/flat_holding_reg_reg[3][1]/D           0.73 F       0.76      -0.03(V)
inst_CNN_Top/flat_holding_reg_reg[3][2]/D           0.73 F       0.76      -0.03(V)
inst_CNN_Top/flat_holding_reg_reg[3][3]/D           0.73 F       0.76      -0.03(V)
inst_CNN_Top/flat_holding_reg_reg[3][4]/D           0.73 F       0.76      -0.03(V)
inst_CNN_Top/flat_holding_reg_reg[3][5]/D           0.73 F       0.76      -0.03(V)
inst_CNN_Top/flat_holding_reg_reg[41][1]/D          0.73 F       0.76      -0.03(V)
inst_CNN_Top/flat_holding_reg_reg[41][2]/D          0.73 F       0.76      -0.03(V)
inst_CNN_Top/flat_holding_reg_reg[41][3]/D          0.73 F       0.76      -0.03(V)
inst_CNN_Top/flat_holding_reg_reg[41][4]/D          0.73 F       0.76      -0.03(V)
inst_CNN_Top/flat_holding_reg_reg[41][5]/D          0.73 F       0.76      -0.03(V)
inst_CNN_Top/flat_holding_reg_reg[42][0]/D          0.73 F       0.76      -0.03(V)
inst_CNN_Top/flat_holding_reg_reg[42][1]/D          0.73 F       0.76      -0.03(V)
inst_CNN_Top/flat_holding_reg_reg[42][3]/D          0.73 F       0.76      -0.03(V)
inst_CNN_Top/flat_holding_reg_reg[42][4]/D          0.73 F       0.76      -0.03(V)
inst_CNN_Top/flat_holding_reg_reg[42][5]/D          0.73 F       0.76      -0.03(V)
inst_CNN_Top/flat_holding_reg_reg[43][0]/D          0.73 F       0.76      -0.03(V)
inst_CNN_Top/flat_holding_reg_reg[43][1]/D          0.73 F       0.76      -0.03(V)
inst_CNN_Top/flat_holding_reg_reg[43][2]/D          0.73 F       0.76      -0.03(V)
inst_CNN_Top/flat_holding_reg_reg[43][3]/D          0.73 F       0.76      -0.03(V)
inst_CNN_Top/flat_holding_reg_reg[43][4]/D          0.73 F       0.76      -0.03(V)
inst_CNN_Top/flat_holding_reg_reg[43][6]/D          0.73 F       0.76      -0.03(V)
inst_CNN_Top/flat_holding_reg_reg[43][7]/D          0.73 F       0.76      -0.03(V)
inst_CNN_Top/flat_holding_reg_reg[44][0]/D          0.73 F       0.76      -0.03(V)
inst_CNN_Top/flat_holding_reg_reg[44][1]/D          0.73 F       0.76      -0.03(V)
inst_CNN_Top/flat_holding_reg_reg[44][3]/D          0.73 F       0.76      -0.03(V)
inst_CNN_Top/flat_holding_reg_reg[44][4]/D          0.73 F       0.76      -0.03(V)
inst_CNN_Top/flat_holding_reg_reg[44][6]/D          0.73 F       0.76      -0.03(V)
inst_CNN_Top/flat_holding_reg_reg[44][7]/D          0.73 F       0.76      -0.03(V)
inst_CNN_Top/flat_holding_reg_reg[45][0]/D          0.73 F       0.76      -0.03(V)
inst_CNN_Top/flat_holding_reg_reg[45][1]/D          0.73 F       0.76      -0.03(V)
inst_CNN_Top/flat_holding_reg_reg[45][2]/D          0.73 F       0.76      -0.03(V)
inst_CNN_Top/flat_holding_reg_reg[45][3]/D          0.73 F       0.76      -0.03(V)
inst_CNN_Top/flat_holding_reg_reg[45][4]/D          0.73 F       0.76      -0.03(V)
inst_CNN_Top/flat_holding_reg_reg[45][5]/D          0.73 F       0.76      -0.03(V)
inst_CNN_Top/flat_holding_reg_reg[45][7]/D          0.73 F       0.76      -0.03(V)
inst_CNN_Top/flat_holding_reg_reg[46][0]/D          0.73 F       0.76      -0.03(V)
inst_CNN_Top/flat_holding_reg_reg[46][1]/D          0.73 F       0.76      -0.03(V)
inst_CNN_Top/flat_holding_reg_reg[46][2]/D          0.73 F       0.76      -0.03(V)
inst_CNN_Top/flat_holding_reg_reg[46][3]/D          0.73 F       0.76      -0.03(V)
inst_CNN_Top/flat_holding_reg_reg[46][4]/D          0.73 F       0.76      -0.03(V)
inst_CNN_Top/flat_holding_reg_reg[46][5]/D          0.73 F       0.76      -0.03(V)
inst_CNN_Top/flat_holding_reg_reg[47][0]/D          0.73 F       0.76      -0.03(V)
inst_CNN_Top/flat_holding_reg_reg[47][1]/D          0.73 F       0.76      -0.03(V)
inst_CNN_Top/flat_holding_reg_reg[47][2]/D          0.73 F       0.76      -0.03(V)
inst_CNN_Top/flat_holding_reg_reg[47][3]/D          0.73 F       0.76      -0.03(V)
inst_CNN_Top/flat_holding_reg_reg[47][4]/D          0.73 F       0.76      -0.03(V)
inst_CNN_Top/flat_holding_reg_reg[47][6]/D          0.73 F       0.76      -0.03(V)
inst_CNN_Top/flat_holding_reg_reg[48][1]/D          0.73 F       0.76      -0.03(V)
inst_CNN_Top/flat_holding_reg_reg[48][2]/D          0.73 F       0.76      -0.03(V)
inst_CNN_Top/flat_holding_reg_reg[48][4]/D          0.73 F       0.76      -0.03(V)
inst_CNN_Top/flat_holding_reg_reg[48][5]/D          0.73 F       0.76      -0.03(V)
inst_CNN_Top/flat_holding_reg_reg[4][2]/D           0.73 F       0.76      -0.03(V)
inst_CNN_Top/flat_holding_reg_reg[4][5]/D           0.73 F       0.76      -0.03(V)
inst_CNN_Top/flat_holding_reg_reg[51][1]/D          0.73 F       0.76      -0.03(V)
inst_CNN_Top/flat_holding_reg_reg[51][2]/D          0.73 F       0.76      -0.03(V)
inst_CNN_Top/flat_holding_reg_reg[51][3]/D          0.73 F       0.76      -0.03(V)
inst_CNN_Top/flat_holding_reg_reg[51][4]/D          0.73 F       0.76      -0.03(V)
inst_CNN_Top/flat_holding_reg_reg[51][5]/D          0.73 F       0.76      -0.03(V)
inst_CNN_Top/flat_holding_reg_reg[52][0]/D          0.73 F       0.76      -0.03(V)
inst_CNN_Top/flat_holding_reg_reg[52][3]/D          0.73 F       0.76      -0.03(V)
inst_CNN_Top/flat_holding_reg_reg[52][4]/D          0.73 F       0.76      -0.03(V)
inst_CNN_Top/flat_holding_reg_reg[52][5]/D          0.73 F       0.76      -0.03(V)
inst_CNN_Top/flat_holding_reg_reg[52][6]/D          0.73 F       0.76      -0.03(V)
inst_CNN_Top/flat_holding_reg_reg[53][0]/D          0.73 F       0.76      -0.03(V)
inst_CNN_Top/flat_holding_reg_reg[53][1]/D          0.73 F       0.76      -0.03(V)
inst_CNN_Top/flat_holding_reg_reg[53][2]/D          0.73 F       0.76      -0.03(V)
inst_CNN_Top/flat_holding_reg_reg[53][3]/D          0.73 F       0.76      -0.03(V)
inst_CNN_Top/flat_holding_reg_reg[53][4]/D          0.73 F       0.76      -0.03(V)
inst_CNN_Top/flat_holding_reg_reg[53][6]/D          0.73 F       0.76      -0.03(V)
inst_CNN_Top/flat_holding_reg_reg[54][0]/D          0.73 F       0.76      -0.03(V)
inst_CNN_Top/flat_holding_reg_reg[54][1]/D          0.73 F       0.76      -0.03(V)
inst_CNN_Top/flat_holding_reg_reg[54][3]/D          0.73 F       0.76      -0.03(V)
inst_CNN_Top/flat_holding_reg_reg[54][4]/D          0.73 F       0.76      -0.03(V)
inst_CNN_Top/flat_holding_reg_reg[54][6]/D          0.73 F       0.76      -0.03(V)
inst_CNN_Top/flat_holding_reg_reg[54][7]/D          0.73 F       0.76      -0.03(V)
inst_CNN_Top/flat_holding_reg_reg[55][0]/D          0.73 F       0.76      -0.03(V)
inst_CNN_Top/flat_holding_reg_reg[55][1]/D          0.73 F       0.76      -0.03(V)
inst_CNN_Top/flat_holding_reg_reg[55][2]/D          0.73 F       0.76      -0.03(V)
inst_CNN_Top/flat_holding_reg_reg[55][3]/D          0.73 F       0.76      -0.03(V)
inst_CNN_Top/flat_holding_reg_reg[55][4]/D          0.73 F       0.76      -0.03(V)
inst_CNN_Top/flat_holding_reg_reg[55][6]/D          0.73 F       0.76      -0.03(V)
inst_CNN_Top/flat_holding_reg_reg[55][7]/D          0.73 F       0.76      -0.03(V)
inst_CNN_Top/flat_holding_reg_reg[56][0]/D          0.73 F       0.76      -0.03(V)
inst_CNN_Top/flat_holding_reg_reg[56][1]/D          0.73 F       0.76      -0.03(V)
inst_CNN_Top/flat_holding_reg_reg[56][2]/D          0.73 F       0.76      -0.03(V)
inst_CNN_Top/flat_holding_reg_reg[56][3]/D          0.73 F       0.76      -0.03(V)
inst_CNN_Top/flat_holding_reg_reg[56][4]/D          0.73 F       0.76      -0.03(V)
inst_CNN_Top/flat_holding_reg_reg[57][0]/D          0.73 F       0.76      -0.03(V)
inst_CNN_Top/flat_holding_reg_reg[57][2]/D          0.73 F       0.76      -0.03(V)
inst_CNN_Top/flat_holding_reg_reg[57][3]/D          0.73 F       0.76      -0.03(V)
inst_CNN_Top/flat_holding_reg_reg[57][4]/D          0.73 F       0.76      -0.03(V)
inst_CNN_Top/flat_holding_reg_reg[58][2]/D          0.73 F       0.76      -0.03(V)
inst_CNN_Top/flat_holding_reg_reg[58][5]/D          0.73 F       0.76      -0.03(V)
inst_CNN_Top/flat_holding_reg_reg[5][2]/D           0.73 F       0.76      -0.03(V)
inst_CNN_Top/flat_holding_reg_reg[5][5]/D           0.73 F       0.76      -0.03(V)
inst_CNN_Top/flat_holding_reg_reg[61][1]/D          0.73 F       0.76      -0.03(V)
inst_CNN_Top/flat_holding_reg_reg[61][2]/D          0.73 F       0.76      -0.03(V)
inst_CNN_Top/flat_holding_reg_reg[61][3]/D          0.73 F       0.76      -0.03(V)
inst_CNN_Top/flat_holding_reg_reg[61][4]/D          0.73 F       0.76      -0.03(V)
inst_CNN_Top/flat_holding_reg_reg[61][5]/D          0.73 F       0.76      -0.03(V)
inst_CNN_Top/flat_holding_reg_reg[62][0]/D          0.73 F       0.76      -0.03(V)
inst_CNN_Top/flat_holding_reg_reg[62][2]/D          0.73 F       0.76      -0.03(V)
inst_CNN_Top/flat_holding_reg_reg[62][3]/D          0.73 F       0.76      -0.03(V)
inst_CNN_Top/flat_holding_reg_reg[62][4]/D          0.73 F       0.76      -0.03(V)
inst_CNN_Top/flat_holding_reg_reg[62][5]/D          0.73 F       0.76      -0.03(V)
inst_CNN_Top/flat_holding_reg_reg[62][6]/D          0.73 F       0.76      -0.03(V)
inst_CNN_Top/flat_holding_reg_reg[63][0]/D          0.73 F       0.76      -0.03(V)
inst_CNN_Top/flat_holding_reg_reg[63][1]/D          0.73 F       0.76      -0.03(V)
inst_CNN_Top/flat_holding_reg_reg[63][2]/D          0.73 F       0.76      -0.03(V)
inst_CNN_Top/flat_holding_reg_reg[63][3]/D          0.73 F       0.76      -0.03(V)
inst_CNN_Top/flat_holding_reg_reg[63][4]/D          0.73 F       0.76      -0.03(V)
inst_CNN_Top/flat_holding_reg_reg[63][6]/D          0.73 F       0.76      -0.03(V)
inst_CNN_Top/flat_holding_reg_reg[64][0]/D          0.73 F       0.76      -0.03(V)
inst_CNN_Top/flat_holding_reg_reg[64][1]/D          0.73 F       0.76      -0.03(V)
inst_CNN_Top/flat_holding_reg_reg[64][2]/D          0.73 F       0.76      -0.03(V)
inst_CNN_Top/flat_holding_reg_reg[64][3]/D          0.73 F       0.76      -0.03(V)
inst_CNN_Top/flat_holding_reg_reg[64][4]/D          0.73 F       0.76      -0.03(V)
inst_CNN_Top/flat_holding_reg_reg[64][5]/D          0.73 F       0.76      -0.03(V)
inst_CNN_Top/flat_holding_reg_reg[64][7]/D          0.73 F       0.76      -0.03(V)
inst_CNN_Top/flat_holding_reg_reg[65][0]/D          0.73 F       0.76      -0.03(V)
inst_CNN_Top/flat_holding_reg_reg[65][1]/D          0.73 F       0.76      -0.03(V)
inst_CNN_Top/flat_holding_reg_reg[65][2]/D          0.73 F       0.76      -0.03(V)
inst_CNN_Top/flat_holding_reg_reg[65][3]/D          0.73 F       0.76      -0.03(V)
inst_CNN_Top/flat_holding_reg_reg[65][4]/D          0.73 F       0.76      -0.03(V)
inst_CNN_Top/flat_holding_reg_reg[65][5]/D          0.73 F       0.76      -0.03(V)
inst_CNN_Top/flat_holding_reg_reg[65][7]/D          0.73 F       0.76      -0.03(V)
inst_CNN_Top/flat_holding_reg_reg[66][0]/D          0.73 F       0.76      -0.03(V)
inst_CNN_Top/flat_holding_reg_reg[66][1]/D          0.73 F       0.76      -0.03(V)
inst_CNN_Top/flat_holding_reg_reg[66][2]/D          0.73 F       0.76      -0.03(V)
inst_CNN_Top/flat_holding_reg_reg[66][4]/D          0.73 F       0.76      -0.03(V)
inst_CNN_Top/flat_holding_reg_reg[66][5]/D          0.73 F       0.76      -0.03(V)
inst_CNN_Top/flat_holding_reg_reg[66][7]/D          0.73 F       0.76      -0.03(V)
inst_CNN_Top/flat_holding_reg_reg[67][0]/D          0.73 F       0.76      -0.03(V)
inst_CNN_Top/flat_holding_reg_reg[67][2]/D          0.73 F       0.76      -0.03(V)
inst_CNN_Top/flat_holding_reg_reg[67][3]/D          0.73 F       0.76      -0.03(V)
inst_CNN_Top/flat_holding_reg_reg[67][4]/D          0.73 F       0.76      -0.03(V)
inst_CNN_Top/flat_holding_reg_reg[67][5]/D          0.73 F       0.76      -0.03(V)
inst_CNN_Top/flat_holding_reg_reg[68][2]/D          0.73 F       0.76      -0.03(V)
inst_CNN_Top/flat_holding_reg_reg[68][4]/D          0.73 F       0.76      -0.03(V)
inst_CNN_Top/flat_holding_reg_reg[68][5]/D          0.73 F       0.76      -0.03(V)
inst_CNN_Top/flat_holding_reg_reg[6][2]/D           0.73 F       0.76      -0.03(V)
inst_CNN_Top/flat_holding_reg_reg[6][4]/D           0.73 F       0.76      -0.03(V)
inst_CNN_Top/flat_holding_reg_reg[6][5]/D           0.73 F       0.76      -0.03(V)
inst_CNN_Top/flat_holding_reg_reg[71][1]/D          0.73 F       0.76      -0.03(V)
inst_CNN_Top/flat_holding_reg_reg[71][2]/D          0.73 F       0.76      -0.03(V)
inst_CNN_Top/flat_holding_reg_reg[71][4]/D          0.73 F       0.76      -0.03(V)
inst_CNN_Top/flat_holding_reg_reg[71][5]/D          0.73 F       0.76      -0.03(V)
inst_CNN_Top/flat_holding_reg_reg[72][0]/D          0.73 F       0.76      -0.03(V)
inst_CNN_Top/flat_holding_reg_reg[72][1]/D          0.73 F       0.76      -0.03(V)
inst_CNN_Top/flat_holding_reg_reg[72][2]/D          0.73 F       0.76      -0.03(V)
inst_CNN_Top/flat_holding_reg_reg[72][3]/D          0.73 F       0.76      -0.03(V)
inst_CNN_Top/flat_holding_reg_reg[72][4]/D          0.73 F       0.76      -0.03(V)
inst_CNN_Top/flat_holding_reg_reg[72][6]/D          0.73 F       0.76      -0.03(V)
inst_CNN_Top/flat_holding_reg_reg[73][0]/D          0.73 F       0.76      -0.03(V)
inst_CNN_Top/flat_holding_reg_reg[73][1]/D          0.73 F       0.76      -0.03(V)
inst_CNN_Top/flat_holding_reg_reg[73][2]/D          0.73 F       0.76      -0.03(V)
inst_CNN_Top/flat_holding_reg_reg[73][4]/D          0.73 F       0.76      -0.03(V)
inst_CNN_Top/flat_holding_reg_reg[73][5]/D          0.73 F       0.76      -0.03(V)
inst_CNN_Top/flat_holding_reg_reg[73][6]/D          0.73 F       0.76      -0.03(V)
inst_CNN_Top/flat_holding_reg_reg[74][0]/D          0.73 F       0.76      -0.03(V)
inst_CNN_Top/flat_holding_reg_reg[74][1]/D          0.73 F       0.76      -0.03(V)
inst_CNN_Top/flat_holding_reg_reg[74][2]/D          0.73 F       0.76      -0.03(V)
inst_CNN_Top/flat_holding_reg_reg[74][4]/D          0.73 F       0.76      -0.03(V)
inst_CNN_Top/flat_holding_reg_reg[74][5]/D          0.73 F       0.76      -0.03(V)
inst_CNN_Top/flat_holding_reg_reg[74][6]/D          0.73 F       0.76      -0.03(V)
inst_CNN_Top/flat_holding_reg_reg[74][7]/D          0.73 F       0.76      -0.03(V)
inst_CNN_Top/flat_holding_reg_reg[75][0]/D          0.73 F       0.76      -0.03(V)
inst_CNN_Top/flat_holding_reg_reg[75][1]/D          0.73 F       0.76      -0.03(V)
inst_CNN_Top/flat_holding_reg_reg[75][2]/D          0.73 F       0.76      -0.03(V)
inst_CNN_Top/flat_holding_reg_reg[75][4]/D          0.73 F       0.76      -0.03(V)
inst_CNN_Top/flat_holding_reg_reg[75][5]/D          0.73 F       0.76      -0.03(V)
inst_CNN_Top/flat_holding_reg_reg[75][6]/D          0.73 F       0.76      -0.03(V)
inst_CNN_Top/flat_holding_reg_reg[75][7]/D          0.73 F       0.76      -0.03(V)
inst_CNN_Top/flat_holding_reg_reg[76][0]/D          0.73 F       0.76      -0.03(V)
inst_CNN_Top/flat_holding_reg_reg[76][1]/D          0.73 F       0.76      -0.03(V)
inst_CNN_Top/flat_holding_reg_reg[76][2]/D          0.73 F       0.76      -0.03(V)
inst_CNN_Top/flat_holding_reg_reg[76][4]/D          0.73 F       0.76      -0.03(V)
inst_CNN_Top/flat_holding_reg_reg[76][5]/D          0.73 F       0.76      -0.03(V)
inst_CNN_Top/flat_holding_reg_reg[76][6]/D          0.73 F       0.76      -0.03(V)
inst_CNN_Top/flat_holding_reg_reg[76][7]/D          0.73 F       0.76      -0.03(V)
inst_CNN_Top/flat_holding_reg_reg[77][0]/D          0.73 F       0.76      -0.03(V)
inst_CNN_Top/flat_holding_reg_reg[77][2]/D          0.73 F       0.76      -0.03(V)
inst_CNN_Top/flat_holding_reg_reg[77][3]/D          0.73 F       0.76      -0.03(V)
inst_CNN_Top/flat_holding_reg_reg[77][4]/D          0.73 F       0.76      -0.03(V)
inst_CNN_Top/flat_holding_reg_reg[77][5]/D          0.73 F       0.76      -0.03(V)
inst_CNN_Top/flat_holding_reg_reg[77][6]/D          0.73 F       0.76      -0.03(V)
inst_CNN_Top/flat_holding_reg_reg[78][1]/D          0.73 F       0.76      -0.03(V)
inst_CNN_Top/flat_holding_reg_reg[78][3]/D          0.73 F       0.76      -0.03(V)
inst_CNN_Top/flat_holding_reg_reg[78][4]/D          0.73 F       0.76      -0.03(V)
inst_CNN_Top/flat_holding_reg_reg[78][5]/D          0.73 F       0.76      -0.03(V)
inst_CNN_Top/flat_holding_reg_reg[81][1]/D          0.73 F       0.76      -0.03(V)
inst_CNN_Top/flat_holding_reg_reg[81][2]/D          0.73 F       0.76      -0.03(V)
inst_CNN_Top/flat_holding_reg_reg[81][4]/D          0.73 F       0.76      -0.03(V)
inst_CNN_Top/flat_holding_reg_reg[81][5]/D          0.73 F       0.76      -0.03(V)
inst_CNN_Top/flat_holding_reg_reg[82][0]/D          0.73 F       0.76      -0.03(V)
inst_CNN_Top/flat_holding_reg_reg[82][1]/D          0.73 F       0.76      -0.03(V)
inst_CNN_Top/flat_holding_reg_reg[82][2]/D          0.73 F       0.76      -0.03(V)
inst_CNN_Top/flat_holding_reg_reg[82][3]/D          0.73 F       0.76      -0.03(V)
inst_CNN_Top/flat_holding_reg_reg[82][4]/D          0.73 F       0.76      -0.03(V)
inst_CNN_Top/flat_holding_reg_reg[82][5]/D          0.73 F       0.76      -0.03(V)
inst_CNN_Top/flat_holding_reg_reg[82][6]/D          0.73 F       0.76      -0.03(V)
inst_CNN_Top/flat_holding_reg_reg[83][0]/D          0.73 F       0.76      -0.03(V)
inst_CNN_Top/flat_holding_reg_reg[83][1]/D          0.73 F       0.76      -0.03(V)
inst_CNN_Top/flat_holding_reg_reg[83][2]/D          0.73 F       0.76      -0.03(V)
inst_CNN_Top/flat_holding_reg_reg[83][4]/D          0.73 F       0.76      -0.03(V)
inst_CNN_Top/flat_holding_reg_reg[83][5]/D          0.73 F       0.76      -0.03(V)
inst_CNN_Top/flat_holding_reg_reg[83][6]/D          0.73 F       0.76      -0.03(V)
inst_CNN_Top/flat_holding_reg_reg[83][7]/D          0.73 F       0.76      -0.03(V)
inst_CNN_Top/flat_holding_reg_reg[84][0]/D          0.73 F       0.76      -0.03(V)
inst_CNN_Top/flat_holding_reg_reg[84][1]/D          0.73 F       0.76      -0.03(V)
inst_CNN_Top/flat_holding_reg_reg[84][2]/D          0.73 F       0.76      -0.03(V)
inst_CNN_Top/flat_holding_reg_reg[84][4]/D          0.73 F       0.76      -0.03(V)
inst_CNN_Top/flat_holding_reg_reg[84][5]/D          0.73 F       0.76      -0.03(V)
inst_CNN_Top/flat_holding_reg_reg[84][6]/D          0.73 F       0.76      -0.03(V)
inst_CNN_Top/flat_holding_reg_reg[84][7]/D          0.73 F       0.76      -0.03(V)
inst_CNN_Top/flat_holding_reg_reg[85][0]/D          0.73 F       0.76      -0.03(V)
inst_CNN_Top/flat_holding_reg_reg[85][1]/D          0.73 F       0.76      -0.03(V)
inst_CNN_Top/flat_holding_reg_reg[85][2]/D          0.73 F       0.76      -0.03(V)
inst_CNN_Top/flat_holding_reg_reg[85][3]/D          0.73 F       0.76      -0.03(V)
inst_CNN_Top/flat_holding_reg_reg[85][4]/D          0.73 F       0.76      -0.03(V)
inst_CNN_Top/flat_holding_reg_reg[85][5]/D          0.73 F       0.76      -0.03(V)
inst_CNN_Top/flat_holding_reg_reg[85][6]/D          0.73 F       0.76      -0.03(V)
inst_CNN_Top/flat_holding_reg_reg[85][7]/D          0.73 F       0.76      -0.03(V)
inst_CNN_Top/flat_holding_reg_reg[86][1]/D          0.73 F       0.76      -0.03(V)
inst_CNN_Top/flat_holding_reg_reg[86][2]/D          0.73 F       0.76      -0.03(V)
inst_CNN_Top/flat_holding_reg_reg[86][4]/D          0.73 F       0.76      -0.03(V)
inst_CNN_Top/flat_holding_reg_reg[86][5]/D          0.73 F       0.76      -0.03(V)
inst_CNN_Top/flat_holding_reg_reg[86][6]/D          0.73 F       0.76      -0.03(V)
inst_CNN_Top/flat_holding_reg_reg[86][7]/D          0.73 F       0.76      -0.03(V)
inst_CNN_Top/flat_holding_reg_reg[87][0]/D          0.73 F       0.76      -0.03(V)
inst_CNN_Top/flat_holding_reg_reg[87][1]/D          0.73 F       0.76      -0.03(V)
inst_CNN_Top/flat_holding_reg_reg[87][2]/D          0.73 F       0.76      -0.03(V)
inst_CNN_Top/flat_holding_reg_reg[87][3]/D          0.73 F       0.76      -0.03(V)
inst_CNN_Top/flat_holding_reg_reg[87][5]/D          0.73 F       0.76      -0.03(V)
inst_CNN_Top/flat_holding_reg_reg[87][6]/D          0.73 F       0.76      -0.03(V)
inst_CNN_Top/flat_holding_reg_reg[88][1]/D          0.73 F       0.76      -0.03(V)
inst_CNN_Top/flat_holding_reg_reg[88][2]/D          0.73 F       0.76      -0.03(V)
inst_CNN_Top/flat_holding_reg_reg[88][3]/D          0.73 F       0.76      -0.03(V)
inst_CNN_Top/flat_holding_reg_reg[88][4]/D          0.73 F       0.76      -0.03(V)
inst_CNN_Top/flat_holding_reg_reg[88][5]/D          0.73 F       0.76      -0.03(V)
inst_CNN_Top/flat_holding_reg_reg[91][1]/D          0.73 F       0.76      -0.03(V)
inst_CNN_Top/flat_holding_reg_reg[91][2]/D          0.73 F       0.76      -0.03(V)
inst_CNN_Top/flat_holding_reg_reg[91][5]/D          0.73 F       0.76      -0.03(V)
inst_CNN_Top/flat_holding_reg_reg[92][1]/D          0.73 F       0.76      -0.03(V)
inst_CNN_Top/flat_holding_reg_reg[92][2]/D          0.73 F       0.76      -0.03(V)
inst_CNN_Top/flat_holding_reg_reg[92][3]/D          0.73 F       0.76      -0.03(V)
inst_CNN_Top/flat_holding_reg_reg[92][4]/D          0.73 F       0.76      -0.03(V)
inst_CNN_Top/flat_holding_reg_reg[92][5]/D          0.73 F       0.76      -0.03(V)
inst_CNN_Top/flat_holding_reg_reg[93][0]/D          0.73 F       0.76      -0.03(V)
inst_CNN_Top/flat_holding_reg_reg[93][1]/D          0.73 F       0.76      -0.03(V)
inst_CNN_Top/flat_holding_reg_reg[93][4]/D          0.73 F       0.76      -0.03(V)
inst_CNN_Top/flat_holding_reg_reg[93][6]/D          0.73 F       0.76      -0.03(V)
inst_CNN_Top/flat_holding_reg_reg[93][7]/D          0.73 F       0.76      -0.03(V)
inst_CNN_Top/flat_holding_reg_reg[94][0]/D          0.73 F       0.76      -0.03(V)
inst_CNN_Top/flat_holding_reg_reg[94][1]/D          0.73 F       0.76      -0.03(V)
inst_CNN_Top/flat_holding_reg_reg[94][2]/D          0.73 F       0.76      -0.03(V)
inst_CNN_Top/flat_holding_reg_reg[94][4]/D          0.73 F       0.76      -0.03(V)
inst_CNN_Top/flat_holding_reg_reg[95][0]/D          0.73 F       0.76      -0.03(V)
inst_CNN_Top/flat_holding_reg_reg[95][1]/D          0.73 F       0.76      -0.03(V)
inst_CNN_Top/flat_holding_reg_reg[95][2]/D          0.73 F       0.76      -0.03(V)
inst_CNN_Top/flat_holding_reg_reg[95][4]/D          0.73 F       0.76      -0.03(V)
inst_CNN_Top/flat_holding_reg_reg[95][6]/D          0.73 F       0.76      -0.03(V)
inst_CNN_Top/flat_holding_reg_reg[95][7]/D          0.73 F       0.76      -0.03(V)
inst_CNN_Top/flat_holding_reg_reg[96][0]/D          0.73 F       0.76      -0.03(V)
inst_CNN_Top/flat_holding_reg_reg[96][1]/D          0.73 F       0.76      -0.03(V)
inst_CNN_Top/flat_holding_reg_reg[96][2]/D          0.73 F       0.76      -0.03(V)
inst_CNN_Top/flat_holding_reg_reg[96][3]/D          0.73 F       0.76      -0.03(V)
inst_CNN_Top/flat_holding_reg_reg[96][4]/D          0.73 F       0.76      -0.03(V)
inst_CNN_Top/flat_holding_reg_reg[96][5]/D          0.73 F       0.76      -0.03(V)
inst_CNN_Top/flat_holding_reg_reg[96][6]/D          0.73 F       0.76      -0.03(V)
inst_CNN_Top/flat_holding_reg_reg[97][0]/D          0.73 F       0.76      -0.03(V)
inst_CNN_Top/flat_holding_reg_reg[97][1]/D          0.73 F       0.76      -0.03(V)
inst_CNN_Top/flat_holding_reg_reg[97][3]/D          0.73 F       0.76      -0.03(V)
inst_CNN_Top/flat_holding_reg_reg[97][4]/D          0.73 F       0.76      -0.03(V)
inst_CNN_Top/flat_holding_reg_reg[98][1]/D          0.73 F       0.76      -0.03(V)
inst_CNN_Top/flat_holding_reg_reg[98][2]/D          0.73 F       0.76      -0.03(V)
inst_CNN_Top/flat_holding_reg_reg[98][5]/D          0.73 F       0.76      -0.03(V)
inst_CNN_Top/u_cnn/u_postprocess/u_linear_weightROM/sram_hi/A[0]       1.08 F       1.09      -0.02(V)
inst_CNN_Top/u_cnn/u_postprocess/u_linear_weightROM/sram_lo/A[0]       1.08 F       1.09      -0.02(V)
inst_CNN_Top/u_cnn/u_postprocess/u_linear_weightROM/sram_hi/A[1]       1.08 F       1.09      -0.02(V)
inst_CNN_Top/u_cnn/u_postprocess/u_linear_weightROM/sram_lo/A[1]       1.08 F       1.09      -0.02(V)



*******************************************************************************
* Report  : Minimum Pulse Width of Pins                                       *
* Design  : CNN_chip                                                          *
*******************************************************************************



*******************************************************************************
* Report  : Minimum Period of Pins                                            *
* Design  : CNN_chip                                                          *
*******************************************************************************



*******************************************************************************
* Report  : Maximum Capacitance of Cells                                      *
* Design  : CNN_chip                                                          *
*******************************************************************************



*******************************************************************************
* Report  : Maximum Capacitance of Nets                                       *
* Design  : CNN_chip                                                          *
*******************************************************************************






*******************************************************************************
* Report  : Maximum Transition of Pins                                        *
* Design  : CNN_chip                                                          *
*******************************************************************************
*******************************************************************************
* DRC fixing command setting:                                                 *
*  - clock path:                          OFF                                 *
*  - async path:                          ON                                  *
*  - tie-high / tie-low or constant net:  OFF                                 *
*  (use 'set_drc_option -clock_path | -async_path' | '-tiecell_net' cmd       *
*   to control fixing)                                                        *
* Legend:                                                                     *
* (V): violation                                                              *
* (N): net is dont_change                                                     *
* (I): instance is dont_change                                                *
* (T): tie-high or tie-low object                                             *
* (C): clock path object                                                      *
* (A): asynchronous path object                                               *
*******************************************************************************

Driving pin (cell)                            Value Constraint      Delta
-------------------------------------------------------------------------------
gen_piw_feature[27].PIW_feature/PAD (PIW)
                                               4.41       3.00      -1.41(V)




*******************************************************************************
* Report  : Maximum Transition of Nets                                        *
* Design  : CNN_chip                                                          *
*******************************************************************************
*******************************************************************************
* DRC fixing command setting:                                                 *
*  - clock path:                          OFF                                 *
*  - async path:                          ON                                  *
*  - tie-high / tie-low or constant net:  OFF                                 *
*  (use 'set_drc_option -clock_path | -async_path' | '-tiecell_net' cmd       *
*   to control fixing)                                                        *
* Legend:                                                                     *
* (V): violation                                                              *
* (N): net is dont_change                                                     *
* (I): instance is dont_change                                                *
* (T): tie-high or tie-low object                                             *
* (C): clock path object                                                      *
* (A): asynchronous path object                                               *
*******************************************************************************

Net name                                      Value Constraint      Delta
-------------------------------------------------------------------------------
feature_in[27]                                 4.41       3.00      -1.41(V)




*******************************************************************************
* Report  : Minimum Transition of Pins                                        *
* Design  : CNN_chip                                                          *
*******************************************************************************




*******************************************************************************
* Report  : Minimum Transition of Nets                                        *
* Design  : CNN_chip                                                          *
*******************************************************************************



*******************************************************************************
* Report  : Maximum Fanout of Cells                                           *
* Design  : CNN_chip                                                          *
*******************************************************************************



*******************************************************************************
* Report  : Maximum Fanout of Nets                                            *
* Design  : CNN_chip                                                          *
*******************************************************************************



*******************************************************************************
* Report  : Top Port Connection Class                                         *
* Design  : CNN_chip                                                          *
*******************************************************************************



*******************************************************************************
* Report  : Connection Class                                                  *
* Design  : CNN_chip                                                          *
*******************************************************************************

