#@ # 
#@ # Running icc_shell Version D-2010.03-ICC-SP5-2 for amd64 -- Feb 01, 2011
#@ # Date:   %sWed May 12 12:35:36 2021
#@ # Run by: student@Student
#@ 

start_gui
lappend search_path ~/Desktop/Workspace/SMIC18/db ../scripts ../design
set_app_var target_library "slow.db"
set_app_var link_library "* slow.db SP018W_V1p5_max.db"
set_min_library slow.db -min_version fast.db
set_min_library SP018W_V1p5_max.db -min_version SP018W_V1p5_min.db
# - - - - - - - - - - - - - - - - - - - - - - - - - - - - - - - - - - - - - - -
# Physical Library settings
# - - - - - - - - - - - - - - - - - - - - - - - - - - - - - - - - - - - - - - -
set mw_path "~/Desktop/Workspace/SMIC18/mw_lib"
set tech_file "~/Desktop/Workspace/SMIC18/tech/smic18_5lm.tf"
set tlup_map "~/Desktop/Workspace/SMIC18/tlup/smic018_5lm_map"
set tlup_max "~/Desktop/Workspace/SMIC18/tlup/smiclog018_5lm_cell_max.tluplus"
set tlup_min "~/Desktop/Workspace/SMIC18/tlup/smiclog018_5lm_cell_min.tluplus"
set verilog_file "../design/idct_chip.v"
set sdc_file "../design/idct_chip.sdc"
exec rm -rf ../idct_chip.mw
create_mw_lib ../idct_chip.mw -open -technology $tech_file -mw_reference_library  "$mw_path/smic18_5ml $mw_path/SP018W_V1p5_5MT $mw_path/S018V3EBCDSP_X156Y16D8_PR"
import_designs $verilog_file -format verilog -top idct_chip
quit
